c:\users\afeka\downloads\hw4_ready\x64\debug\vc141.pdb
c:\users\afeka\downloads\hw4_ready\x64\debug\vc141.idb
c:\users\afeka\downloads\hw4_ready\x64\debug\main.obj
c:\users\afeka\downloads\hw4_ready\x64\debug\generallist.obj
c:\users\afeka\downloads\hw4_ready\x64\debug\general.obj
c:\users\afeka\downloads\hw4_ready\x64\debug\flight.obj
c:\users\afeka\downloads\hw4_ready\x64\debug\filehelper.obj
c:\users\afeka\downloads\hw4_ready\x64\debug\date.obj
c:\users\afeka\downloads\hw4_ready\x64\debug\company.obj
c:\users\afeka\downloads\hw4_ready\x64\debug\airportmanager.obj
c:\users\afeka\downloads\hw4_ready\x64\debug\airport.obj
c:\users\afeka\downloads\hw4_ready\x64\debug\hw3.exe
c:\users\afeka\downloads\hw4_ready\x64\debug\hw3.ilk
c:\users\afeka\downloads\hw4_ready\x64\debug\hw3.pdb
c:\users\afeka\downloads\hw4_ready\x64\debug\hw3.tlog\cl.command.1.tlog
c:\users\afeka\downloads\hw4_ready\x64\debug\hw3.tlog\cl.read.1.tlog
c:\users\afeka\downloads\hw4_ready\x64\debug\hw3.tlog\cl.write.1.tlog
c:\users\afeka\downloads\hw4_ready\x64\debug\hw3.tlog\link.command.1.tlog
c:\users\afeka\downloads\hw4_ready\x64\debug\hw3.tlog\link.read.1.tlog
c:\users\afeka\downloads\hw4_ready\x64\debug\hw3.tlog\link.write.1.tlog
